TN:
SF:server\utils\calculationHealth.js
FN:1,calculationValuesNutritional
FNF:1
FNH:1
FNDA:12,calculationValuesNutritional
DA:1,12
DA:2,12
DA:3,12
DA:4,12
DA:5,12
DA:6,12
DA:7,12
DA:8,12
DA:9,12
DA:10,12
DA:11,12
DA:12,6
DA:13,6
DA:14,6
DA:15,6
DA:16,6
DA:17,6
DA:18,12
DA:19,12
DA:20,6
DA:21,6
DA:22,6
DA:23,6
DA:24,12
DA:25,12
DA:26,4
DA:27,4
DA:28,4
DA:29,4
DA:30,4
DA:31,4
DA:32,4
DA:33,12
DA:34,4
DA:35,4
DA:36,4
DA:37,4
DA:38,4
DA:39,4
DA:40,4
DA:41,4
DA:42,4
DA:43,4
DA:44,4
DA:45,4
DA:46,4
DA:47,4
DA:48,4
DA:49,4
DA:50,12
DA:51,12
DA:52,12
DA:53,12
DA:54,12
DA:55,12
DA:56,12
DA:57,12
DA:58,12
DA:59,12
DA:60,1
DA:61,1
LF:61
LH:61
BRDA:1,0,0,12
BRDA:11,1,0,6
BRDA:19,2,0,6
BRDA:25,3,0,4
BRDA:33,4,0,8
BRDA:33,5,0,4
BRF:6
BRH:6
end_of_record
